<?xml version="1.0" encoding="UTF-8"?>
<!-- Generated by org.testng.reporters.JUnitReportReporter -->
<testsuite hostname="Angitha_K" failures="0" tests="1" name="testScripts.ManageNewsTest" time="8.933" errors="0" timestamp="2025-05-06T19:38:47 IST" skipped="0">
  <testcase classname="testScripts.ManageNewsTest" name="verifyUserAbleToEnterNews" time="8.933"/>
</testsuite> <!-- testScripts.ManageNewsTest -->
