<?xml version="1.0" encoding="UTF-8"?>
<!-- Generated by org.testng.reporters.JUnitReportReporter -->
<testsuite hostname="Angitha_K" failures="0" tests="1" name="testScripts.ManageNewsTest" time="8.275" errors="0" timestamp="2025-05-05T14:47:45 IST" skipped="0">
  <testcase classname="testScripts.ManageNewsTest" name="manageNews" time="8.275"/>
</testsuite> <!-- testScripts.ManageNewsTest -->
