<?xml version="1.0" encoding="UTF-8"?>
<!-- Generated by org.testng.reporters.JUnitReportReporter -->
<testsuite hostname="Angitha_K" failures="0" tests="1" name="testScripts.ManageCategoryTest" time="14.545" errors="0" timestamp="2025-05-04T17:35:59 IST" skipped="0">
  <testcase classname="testScripts.ManageCategoryTest" name="verifyIfUserIsAbleToAddCategory" time="14.545"/>
</testsuite> <!-- testScripts.ManageCategoryTest -->
