<?xml version="1.0" encoding="UTF-8"?>
<!-- Generated by org.testng.reporters.JUnitReportReporter -->
<testsuite hostname="Angitha_K" failures="0" tests="1" name="testScripts.ManageNewsTest" time="9.725" errors="0" timestamp="2025-05-06T14:34:56 IST" skipped="0">
  <testcase classname="testScripts.ManageNewsTest" name="manageNews" time="9.725"/>
</testsuite> <!-- testScripts.ManageNewsTest -->
