<?xml version="1.0" encoding="UTF-8"?>
<!-- Generated by org.testng.reporters.JUnitReportReporter -->
<testsuite hostname="Angitha_K" failures="0" tests="1" name="testScripts.ManageContactTest" time="13.514" errors="0" timestamp="2025-05-04T16:02:08 IST" skipped="0">
  <testcase classname="testScripts.ManageContactTest" name="verifyIfUserAbleToUpdateContactDetails" time="13.514"/>
</testsuite> <!-- testScripts.ManageContactTest -->
