<?xml version="1.0" encoding="UTF-8"?>
<!-- Generated by org.testng.reporters.JUnitReportReporter -->
<testsuite hostname="Angitha_K" failures="0" tests="1" name="testScripts.SubCategoryTest" time="16.932" errors="0" timestamp="2025-05-04T17:33:11 IST" skipped="0">
  <testcase classname="testScripts.SubCategoryTest" name="verifyIfUserIsAbleToAddSubCategoryDetails" time="16.932"/>
</testsuite> <!-- testScripts.SubCategoryTest -->
