<?xml version="1.0" encoding="UTF-8"?>
<!-- Generated by org.testng.reporters.JUnitReportReporter -->
<testsuite hostname="Angitha_K" failures="0" tests="1" name="testScripts.LogoutTest" time="9.646" errors="0" timestamp="2025-05-04T16:15:00 IST" skipped="0">
  <testcase classname="testScripts.LogoutTest" name="verifyUserIsAbleTologout" time="9.646"/>
</testsuite> <!-- testScripts.LogoutTest -->
