<?xml version="1.0" encoding="UTF-8"?>
<!-- Generated by org.testng.reporters.JUnitReportReporter -->
<testsuite hostname="Angitha_K" failures="0" tests="2" name="testScripts.ManageFooterTextTest" time="10.207" errors="0" timestamp="2025-05-05T15:32:25 IST" skipped="0">
  <testcase classname="testScripts.ManageFooterTextTest" name="verifyIfUserAbleToUpdateFooterDetails" time="4.439"/>
  <testcase classname="testScripts.ManageFooterTextTest" name="verifyIfUserAbleToUpdateFooterDetails" time="5.768"/>
</testsuite> <!-- testScripts.ManageFooterTextTest -->
