<?xml version="1.0" encoding="UTF-8"?>
<!-- Generated by org.testng.reporters.JUnitReportReporter -->
<testsuite hostname="Angitha_K" failures="0" tests="1" name="testScripts.AdminUserTest" time="14.233" errors="0" timestamp="2025-05-04T00:47:58 IST" skipped="0">
  <testcase classname="testScripts.AdminUserTest" name="adminUser" time="14.233"/>
</testsuite> <!-- testScripts.AdminUserTest -->
