<?xml version="1.0" encoding="UTF-8"?>
<!-- Generated by org.testng.reporters.JUnitReportReporter -->
<testsuite hostname="Angitha_K" failures="0" tests="2" name="testScripts.ManageFooterTextTest" time="16.960" errors="0" timestamp="2025-05-04T00:47:58 IST" skipped="0">
  <testcase classname="testScripts.ManageFooterTextTest" name="verifyIfUpdateButtonIsDisplayed" time="8.063"/>
  <testcase classname="testScripts.ManageFooterTextTest" name="verifyIfUserAbleToUpdateFooterDetails" time="8.897"/>
</testsuite> <!-- testScripts.ManageFooterTextTest -->
